[1] "number of cores detected and used =  1"
[1] "Demographic group = black, Age range = 77-78, coefficients and correlation matrices."
[1] "LBXNEPCT"
[1] "LBDNENO"
[1] "LBXMC"
[1] "LBXMCHSI"
[1] "BPXPLS"
[1] "LBXPLTSI"
[1] "LBXSPH"
[1] "LBXSTR"
[1] "LBXSCH"
[1] "LBXMOPCT"
[1] "LBDMONO"
[1] "LBXSIR"
[1] "LBXSTB"
[1] "LBXRBCSI"
[1] "LBXHCT"
[1] "BMXLEG"
[1] "BMXHT"
[1] "BMXARML"
[1] "LBXSKSI"
[1] "LBXSBU"
[1] "LBXSCR"
[1] "LBXSC3SI"
[1] "LBXSCA"
[1] "LBXSAL"
[1] "LBXSTP"
[1] "LBXGH"
[1] "LBXSGL"
[1] "LBXRDW"
[1] "URXUMA"
[1] "LBXMPSI"
[1] "LBXSCLSI"
[1] "LBXSNASI"
[1] "LBXSOSSI"
[1] "LBXLYPCT"
[1] "LBDLYMNO"
[1] "LBXSGTSI"
[1] "LBXSATSI"
[1] "LBXSASSI"
[1] "LBXSAPSI"
[1] "LBXSLDSI"
[1] "BMXBMI"
[1] "BMXWAIST"
[1] "BMXWT"
[1] "BMXARMC"
[1] "BPXDI"
[1] "BPXSY"
[1] "LBXEOPCT"
[1] "LBDEONO"
[1] "LBXBAPCT"
[1] "LBDBANO"
[1] "Generated coefficients and correlation matrices."
